<?xml version="1.0" encoding="UTF-8"?>
<!-- Generated by org.testng.reporters.JUnitReportReporter -->
<testsuite skipped="0" hostname="MASHEEN-8QD614O" name="edu.pht.cucumbertestng.restapisteps.CucumberJvmTest" tests="1" failures="0" timestamp="11 сен 2018 19:04:21 GMT" time="15.817" errors="0">
  <testcase name="feature" time="15.817" classname="edu.pht.cucumbertestng.restapisteps.CucumberJvmTest"/>
</testsuite> <!-- edu.pht.cucumbertestng.restapisteps.CucumberJvmTest -->
