<?xml version="1.0" encoding="UTF-8"?>
<!-- Generated by org.testng.reporters.JUnitReportReporter -->
<testsuite skipped="0" hostname="MASHEEN-8QD614O" name="edu.pht.collections.testng.PageCompareLabelsParamTest" tests="11" failures="0" timestamp="13 авг 2018 01:46:11 GMT" time="0.046" errors="0">
  <testcase name="Page_CompareLabels_Test" time="0.002" classname="edu.pht.collections.testng.PageCompareLabelsParamTest"/>
  <testcase name="Page_CompareLabels_Test" time="0.010" classname="edu.pht.collections.testng.PageCompareLabelsParamTest"/>
  <testcase name="Page_CompareLabels_Test" time="0.001" classname="edu.pht.collections.testng.PageCompareLabelsParamTest"/>
  <testcase name="Page_CompareLabels_Test" time="0.004" classname="edu.pht.collections.testng.PageCompareLabelsParamTest"/>
  <testcase name="Page_CompareLabels_Test" time="0.001" classname="edu.pht.collections.testng.PageCompareLabelsParamTest"/>
  <testcase name="Page_CompareLabels_Test" time="0.004" classname="edu.pht.collections.testng.PageCompareLabelsParamTest"/>
  <testcase name="Page_CompareLabels_Test" time="0.011" classname="edu.pht.collections.testng.PageCompareLabelsParamTest"/>
  <testcase name="Page_CompareLabels_Test" time="0.002" classname="edu.pht.collections.testng.PageCompareLabelsParamTest"/>
  <testcase name="Page_CompareLabels_Test" time="0.001" classname="edu.pht.collections.testng.PageCompareLabelsParamTest"/>
  <testcase name="Page_CompareLabels_Test" time="0.006" classname="edu.pht.collections.testng.PageCompareLabelsParamTest"/>
  <testcase name="Page_CompareLabels_Test" time="0.004" classname="edu.pht.collections.testng.PageCompareLabelsParamTest"/>
</testsuite> <!-- edu.pht.collections.testng.PageCompareLabelsParamTest -->
