<?xml version="1.0" encoding="UTF-8"?>
<!-- Generated by org.testng.reporters.JUnitReportReporter -->
<testsuite skipped="0" hostname="MASHEEN-8QD614O" name="edu.pht.collections.testng.PageContainsButtonParamTest" tests="6" failures="0" timestamp="13 авг 2018 01:46:11 GMT" time="0.023" errors="0">
  <testcase name="Page_ContainsButton_Test" time="0.001" classname="edu.pht.collections.testng.PageContainsButtonParamTest"/>
  <testcase name="Page_ContainsButton_Test" time="0.004" classname="edu.pht.collections.testng.PageContainsButtonParamTest"/>
  <testcase name="Page_ContainsButton_Test" time="0.002" classname="edu.pht.collections.testng.PageContainsButtonParamTest"/>
  <testcase name="Page_ContainsButton_Test" time="0.002" classname="edu.pht.collections.testng.PageContainsButtonParamTest"/>
  <testcase name="Page_ContainsButton_Test" time="0.012" classname="edu.pht.collections.testng.PageContainsButtonParamTest"/>
  <testcase name="Page_ContainsButton_Test" time="0.002" classname="edu.pht.collections.testng.PageContainsButtonParamTest"/>
</testsuite> <!-- edu.pht.collections.testng.PageContainsButtonParamTest -->
