<?xml version="1.0" encoding="UTF-8"?>
<!-- Generated by org.testng.reporters.JUnitReportReporter -->
<testsuite skipped="0" hostname="MASHEEN-8QD614O" name="edu.pht.collections.entity.PageMethodsTest" tests="1" failures="0" timestamp="09 авг 2018 21:48:34 GMT" time="0.060" errors="0">
  <testcase name="f" time="0.060" classname="edu.pht.collections.entity.PageMethodsTest"/>
</testsuite> <!-- edu.pht.collections.entity.PageMethodsTest -->
