<?xml version="1.0" encoding="UTF-8"?>
<!-- Generated by org.testng.reporters.JUnitReportReporter -->
<testsuite skipped="0" hostname="MASHEEN-8QD614O" name="edu.pht.cucumberjunit.steps.CucumberJvmTest" tests="1" failures="0" timestamp="08 сен 2018 23:54:59 GMT" time="152.179" errors="0">
  <testcase name="feature" time="152.179" classname="edu.pht.cucumberjunit.steps.CucumberJvmTest"/>
</testsuite> <!-- edu.pht.cucumberjunit.steps.CucumberJvmTest -->
