<?xml version="1.0" encoding="UTF-8"?>
<!-- Generated by org.testng.reporters.JUnitReportReporter -->
<testsuite skipped="0" hostname="MASHEEN-8QD614O" name="edu.pht.pageclasses.LoginPageTest" tests="1" failures="0" timestamp="13 авг 2018 18:35:44 GMT" time="13.006" errors="0">
  <testcase name="loginTest" time="13.006" classname="edu.pht.pageclasses.LoginPageTest"/>
</testsuite> <!-- edu.pht.pageclasses.LoginPageTest -->
