<?xml version="1.0" encoding="UTF-8"?>
<!-- Generated by org.testng.reporters.JUnitReportReporter -->
<testsuite skipped="0" hostname="MASHEEN-8QD614O" name="edu.pht.pageclasses.CleanRecycleBinTest" tests="1" failures="0" timestamp="22 авг 2018 13:52:22 GMT" time="37.228" errors="0">
  <testcase name="clean_Recycle_Bin_Test" time="37.228" classname="edu.pht.pageclasses.CleanRecycleBinTest"/>
</testsuite> <!-- edu.pht.pageclasses.CleanRecycleBinTest -->
