<?xml version="1.0" encoding="UTF-8"?>
<!-- Generated by org.testng.reporters.JUnitReportReporter -->
<testsuite skipped="0" hostname="MASHEEN-8QD614O" name="edu.pht.pageclasses.UnmarkAllFlagsTest" tests="1" failures="0" timestamp="19 авг 2018 17:32:33 GMT" time="13.989" errors="0">
  <testcase name="unmark_All_Flags_Test" time="13.989" classname="edu.pht.pageclasses.UnmarkAllFlagsTest"/>
</testsuite> <!-- edu.pht.pageclasses.UnmarkAllFlagsTest -->
