<?xml version="1.0" encoding="UTF-8"?>
<!-- Generated by org.testng.reporters.JUnitReportReporter -->
<testsuite skipped="0" hostname="MASHEEN-8QD614O" name="edu.pht.pageclasses.RelocationInSpamTest" tests="1" failures="0" timestamp="19 авг 2018 17:32:33 GMT" time="12.854" errors="0">
  <testcase name="relocation_In_Spam_Test" time="12.854" classname="edu.pht.pageclasses.RelocationInSpamTest"/>
</testsuite> <!-- edu.pht.pageclasses.RelocationInSpamTest -->
