<?xml version="1.0" encoding="UTF-8"?>
<!-- Generated by org.testng.reporters.JUnitReportReporter -->
<testsuite skipped="0" hostname="MASHEEN-8QD614O" name="edu.pht.pageclasses.SendMailToGroupReciversTest" tests="1" failures="0" timestamp="19 авг 2018 17:32:33 GMT" time="27.719" errors="0">
  <testcase name="send_Mail_To_Group_Recivers_Test" time="27.719" classname="edu.pht.pageclasses.SendMailToGroupReciversTest"/>
</testsuite> <!-- edu.pht.pageclasses.SendMailToGroupReciversTest -->
