<?xml version="1.0" encoding="UTF-8"?>
<!-- Generated by org.testng.reporters.JUnitReportReporter -->
<testsuite skipped="0" hostname="MASHEEN-8QD614O" name="edu.pht.pageclasses.AreIconsPresentTest" tests="1" failures="0" timestamp="19 авг 2018 17:32:33 GMT" time="1.419" errors="0">
  <testcase name="all_Icons_Present_Test" time="1.419" classname="edu.pht.pageclasses.AreIconsPresentTest"/>
</testsuite> <!-- edu.pht.pageclasses.AreIconsPresentTest -->
