<?xml version="1.0" encoding="UTF-8"?>
<!-- Generated by org.testng.reporters.JUnitReportReporter -->
<testsuite skipped="0" hostname="MASHEEN-8QD614O" name="edu.pht.pageclasses.CreateMailTest" tests="1" failures="0" timestamp="19 авг 2018 17:32:33 GMT" time="21.802" errors="0">
  <testcase name="create_and_send_Mail_Test" time="21.802" classname="edu.pht.pageclasses.CreateMailTest"/>
</testsuite> <!-- edu.pht.pageclasses.CreateMailTest -->
