<?xml version="1.0" encoding="UTF-8"?>
<!-- Generated by org.testng.reporters.JUnitReportReporter -->
<testsuite skipped="0" hostname="MASHEEN-8QD614O" name="edu.pht.pageclasses.CreateNewMailTest" tests="2" failures="0" timestamp="17 авг 2018 00:27:03 GMT" time="20.482" errors="0">
  <testcase name="loginTest" time="11.755" classname="edu.pht.pageclasses.CreateNewMailTest"/>
  <testcase name="create_and_send_Mail_Test" time="8.727" classname="edu.pht.pageclasses.CreateNewMailTest"/>
</testsuite> <!-- edu.pht.pageclasses.CreateNewMailTest -->
