<?xml version="1.0" encoding="UTF-8"?>
<!-- Generated by org.testng.reporters.JUnitReportReporter -->
<testsuite skipped="0" hostname="MASHEEN-8QD614O" name="edu.pht.collections.testng.PageCompareLabelsParamTest" tests="11" failures="0" timestamp="13 авг 2018 00:38:02 GMT" time="0.015" errors="0">
  <testcase name="Page_CompareLabels_Test" time="0.000" classname="edu.pht.collections.testng.PageCompareLabelsParamTest"/>
  <testcase name="Page_CompareLabels_Test" time="0.000" classname="edu.pht.collections.testng.PageCompareLabelsParamTest"/>
  <testcase name="Page_CompareLabels_Test" time="0.000" classname="edu.pht.collections.testng.PageCompareLabelsParamTest"/>
  <testcase name="Page_CompareLabels_Test" time="0.000" classname="edu.pht.collections.testng.PageCompareLabelsParamTest"/>
  <testcase name="Page_CompareLabels_Test" time="0.000" classname="edu.pht.collections.testng.PageCompareLabelsParamTest"/>
  <testcase name="Page_CompareLabels_Test" time="0.000" classname="edu.pht.collections.testng.PageCompareLabelsParamTest"/>
  <testcase name="Page_CompareLabels_Test" time="0.000" classname="edu.pht.collections.testng.PageCompareLabelsParamTest"/>
  <testcase name="Page_CompareLabels_Test" time="0.015" classname="edu.pht.collections.testng.PageCompareLabelsParamTest"/>
  <testcase name="Page_CompareLabels_Test" time="0.000" classname="edu.pht.collections.testng.PageCompareLabelsParamTest"/>
  <testcase name="Page_CompareLabels_Test" time="0.000" classname="edu.pht.collections.testng.PageCompareLabelsParamTest"/>
  <testcase name="Page_CompareLabels_Test" time="0.000" classname="edu.pht.collections.testng.PageCompareLabelsParamTest"/>
</testsuite> <!-- edu.pht.collections.testng.PageCompareLabelsParamTest -->
