<?xml version="1.0" encoding="UTF-8"?>
<!-- Generated by org.testng.reporters.JUnitReportReporter -->
<testsuite skipped="0" hostname="MASHEEN-8QD614O" name="edu.pht.collections.entity.PageAddAllLabelsParamTest" tests="6" failures="0" timestamp="14 авг 2018 00:53:37 GMT" time="0.064" errors="0">
  <testcase name="Page_AddAllLabels_Test" time="0.031" classname="edu.pht.collections.entity.PageAddAllLabelsParamTest"/>
  <testcase name="Page_AddAllLabels_Test" time="0.005" classname="edu.pht.collections.entity.PageAddAllLabelsParamTest"/>
  <testcase name="Page_AddAllLabels_Test" time="0.001" classname="edu.pht.collections.entity.PageAddAllLabelsParamTest"/>
  <testcase name="Page_AddAllLabels_Test" time="0.013" classname="edu.pht.collections.entity.PageAddAllLabelsParamTest"/>
  <testcase name="Page_AddAllLabels_Test" time="0.012" classname="edu.pht.collections.entity.PageAddAllLabelsParamTest"/>
  <testcase name="Page_AddAllLabels_Test" time="0.002" classname="edu.pht.collections.entity.PageAddAllLabelsParamTest"/>
</testsuite> <!-- edu.pht.collections.entity.PageAddAllLabelsParamTest -->
