<?xml version="1.0" encoding="UTF-8"?>
<!-- Generated by org.testng.reporters.JUnitReportReporter -->
<testsuite skipped="0" hostname="MASHEEN-8QD614O" name="edu.pht.collections.testng.NewTest" tests="1" failures="0" timestamp="09 авг 2018 21:58:49 GMT" time="0.045" errors="0">
  <testcase name="fTest" time="0.045" classname="edu.pht.collections.testng.NewTest"/>
</testsuite> <!-- edu.pht.collections.testng.NewTest -->
