<?xml version="1.0" encoding="UTF-8"?>
<!-- Generated by org.testng.reporters.JUnitReportReporter -->
<testsuite skipped="1" hostname="MASHEEN-8QD614O" name="edu.pht.collections.testng.PageMethodsTest" tests="3" failures="0" timestamp="13 авг 2018 00:38:02 GMT" time="0.078" errors="0">
  <testcase name="test_CompareLabels_Equals" time="0.062" classname="edu.pht.collections.testng.PageMethodsTest"/>
  <testcase name="test_CompareLabels_Not_Equals" time="0.016" classname="edu.pht.collections.testng.PageMethodsTest"/>
  <testcase name="test_Labels_Equals" classname="edu.pht.collections.testng.PageMethodsTest">
    <skipped/>
  </testcase> <!-- test_Labels_Equals -->
</testsuite> <!-- edu.pht.collections.testng.PageMethodsTest -->
