<?xml version="1.0" encoding="UTF-8"?>
<!-- Generated by org.testng.reporters.JUnitReportReporter -->
<testsuite skipped="0" hostname="MASHEEN-8QD614O" name="edu.pht.collections.entity.PageGetElementsDropdownTest" tests="2" failures="0" timestamp="14 авг 2018 00:25:10 GMT" time="0.035" errors="0">
  <testcase name="test_GetThirdElement" time="0.004" classname="edu.pht.collections.entity.PageGetElementsDropdownTest"/>
  <testcase name="test_GetThirdElement" time="0.031" classname="edu.pht.collections.entity.PageGetElementsDropdownTest"/>
</testsuite> <!-- edu.pht.collections.entity.PageGetElementsDropdownTest -->
