<?xml version="1.0" encoding="UTF-8"?>
<!-- Generated by org.testng.reporters.JUnitReportReporter -->
<testsuite skipped="0" hostname="MASHEEN-8QD614O" name="edu.pht.collections.entity.PageMethodsWithExceptionTest" tests="8" failures="0" timestamp="14 авг 2018 01:04:07 GMT" time="0.132" errors="0">
  <testcase name="test_GetFirstField_Exception" time="0.003" classname="edu.pht.collections.entity.PageMethodsWithExceptionTest"/>
  <testcase name="test_GetLastField_Exception" time="0.004" classname="edu.pht.collections.entity.PageMethodsWithExceptionTest"/>
  <testcase name="test_GetFirstField_Message_Exception" time="0.002" classname="edu.pht.collections.entity.PageMethodsWithExceptionTest"/>
  <testcase name="test_GetElementsDropdown_Message_Exception" time="0.012" classname="edu.pht.collections.entity.PageMethodsWithExceptionTest"/>
  <testcase name="test_GetLastField_Message_Exception" time="0.007" classname="edu.pht.collections.entity.PageMethodsWithExceptionTest"/>
  <testcase name="test_In_Exception" time="0.030" classname="edu.pht.collections.entity.PageMethodsWithExceptionTest"/>
  <testcase name="test_GetElementsDropdown_Exception" time="0.070" classname="edu.pht.collections.entity.PageMethodsWithExceptionTest"/>
  <testcase name="test_In_Message_Exception" time="0.004" classname="edu.pht.collections.entity.PageMethodsWithExceptionTest"/>
</testsuite> <!-- edu.pht.collections.entity.PageMethodsWithExceptionTest -->
